node.exe : Node.js 
version v25.2.1 
detected.
At C:\Users\Nguyen 
The Phong\AppData\Roa
ming\npm\ng.ps1:24 
char:5
+     & "node$exe"  "
$basedir/node_modules
/@angular/cli/bin/ng.
js" $arg ...
+     ~~~~~~~~~~~~~~~
~~~~~~~~~~~~~~~~~~~~~
~~~~~~~~~~~~~~~~~~~~~
~~~~~~~~
    + CategoryInfo   
           : NotSpe  
  cified: (Node.js   
  version v25.2.1    
 detected.:Strin    
g) [], RemoteExc    
eption
    + FullyQualified 
   ErrorId : Native  
  CommandError
 
Odd numbered Node.js 
versions will not 
enter LTS status and 
should not be used 
for production. For 
more information, 
please see https://no
dejs.org/en/about/pre
vious-releases/.
[33mΓ¥»[39m Building...
[32mΓ£ö[39m Building...
[35mBrowser bundles[39m     
[1mInitial chunk files[22m [2m | [22m[1mNames[22m           [2m | [22m [1mRaw size[22m
[32mmain.js[39m             [2m | [22m[2mmain[22m            [2m | [22m  [36m1.45 MB[39m[2m | [22m
[32mstyles.css[39m          [2m | [22m[2mstyles[22m          [2m | [22m [36m95 bytes[39m[2m | [22m

[1m [22m                   [2m | [22m[1mInitial total[22m   [2m | [22m  [1m1.45 MB[22m


[35mServer bundles[39m      
[1mInitial chunk files[22m [2m | [22m[1mNames[22m           [2m | [22m [1mRaw size[22m
[32mmain.server.mjs[39m     [2m | [22m[2mmain.server[22m     [2m | [22m  [36m2.32 MB[39m[2m | [22m
[32mserver.mjs[39m          [2m | [22m[2mserver[22m          [2m | [22m  [36m1.94 MB[39m[2m | [22m
[32mpolyfills.server.mjs[39m[2m | [22m[2mpolyfills.server[22m[2m | [22m[36m427.77 kB[39m[2m | [22m
[32mchunk-3II4UTYF.mjs[39m  [2m | [22m[2m-[22m               [2m | [22m  [36m2.81 kB[39m[2m | [22m
[32mchunk-T2KOBY73.mjs[39m  [2m | [22m[2m-[22m               [2m | [22m  [36m2.01 kB[39m[2m | [22m

[1mLazy chunk files[22m    [2m | [22m[1mNames[22m           [2m | [22m [1mRaw size[22m
[32mchunk-F5FD6IK3.mjs[39m  [2m | [22m[2mxhr2[22m            [2m | [22m [36m40.11 kB[39m[2m | [22m
[32mchunk-5QAFQH3E.mjs[39m  [2m | [22m[2mxhr2[22m            [2m | [22m [36m40.04 kB[39m[2m | [22m

[35mPrerendered 13 static routes.[39m
Application bundle generation failed. [3.739 seconds] - 2026-01-26T01:03:18.803Z

[1m[31m[31mX [41;
31m[[41;97mERROR[41
;31m][0m [1mThe 'se
rvice-product-image-e
vent/:id' route uses 
prerendering and 
includes parameters, 
but 
'getPrerenderParams' 
is missing. Please 
define 
'getPrerenderParams' 
function for this 
route in your server 
routing 
configuration or 
specify a different 
'renderMode'.[0m

[39m[22m
